<?xml version="1.0" encoding="UTF-8"?>
<!-- Generated by org.testng.reporters.JUnitReportReporter -->
<testsuite hostname="Vasudev-Kishan" failures="0" tests="3" name="testOptions.TestRunner2" time="23.504" errors="0" timestamp="2022-04-15T12:45:17 IST" skipped="0">
  <testcase classname="testOptions.TestRunner2" name="runScenario" time="6.848"/>
  <system-out/>
  <testcase classname="testOptions.TestRunner2" name="runScenario" time="7.056"/>
  <system-out/>
  <testcase classname="testOptions.TestRunner2" name="runScenario" time="9.600"/>
  <system-out/>
</testsuite> <!-- testOptions.TestRunner2 -->
