<?xml version="1.0" encoding="UTF-8"?>
<!-- Generated by org.testng.reporters.JUnitReportReporter -->
<testsuite hostname="Vasudev-Kishan" failures="0" tests="7" name="testOptions.TestRunner" time="45.625" errors="0" timestamp="2022-04-15T12:45:17 IST" skipped="0">
  <testcase classname="testOptions.TestRunner" name="runScenario" time="4.791"/>
  <system-out/>
  <testcase classname="testOptions.TestRunner" name="runScenario" time="10.491"/>
  <system-out/>
  <testcase classname="testOptions.TestRunner" name="runScenario" time="5.895"/>
  <system-out/>
  <testcase classname="testOptions.TestRunner" name="runScenario" time="4.606"/>
  <system-out/>
  <testcase classname="testOptions.TestRunner" name="runScenario" time="5.020"/>
  <system-out/>
  <testcase classname="testOptions.TestRunner" name="runScenario" time="10.599"/>
  <system-out/>
  <testcase classname="testOptions.TestRunner" name="runScenario" time="4.223"/>
  <system-out/>
</testsuite> <!-- testOptions.TestRunner -->
