<?xml version="1.0" encoding="UTF-8"?>
<!-- Generated by org.testng.reporters.JUnitReportReporter -->
<testsuite hostname="Vasudev-Kishan" failures="0" tests="2" name="testOptions.TestRunner3" time="15.853" errors="0" timestamp="2022-04-15T12:45:17 IST" skipped="0">
  <testcase classname="testOptions.TestRunner3" name="runScenario" time="9.072"/>
  <system-out/>
  <testcase classname="testOptions.TestRunner3" name="runScenario" time="6.781"/>
  <system-out/>
</testsuite> <!-- testOptions.TestRunner3 -->
