<?xml version="1.0" encoding="UTF-8"?>
<!-- Generated by org.testng.reporters.JUnitReportReporter -->
<testsuite hostname="inlen8520026389" failures="0" tests="3" name="testOptions.TestRunner2" time="30.581" errors="0" timestamp="2022-04-11T14:14:03 IST" skipped="0">
  <testcase classname="testOptions.TestRunner2" name="runScenario" time="8.853"/>
  <system-out/>
  <testcase classname="testOptions.TestRunner2" name="runScenario" time="12.676"/>
  <system-out/>
  <testcase classname="testOptions.TestRunner2" name="runScenario" time="9.052"/>
  <system-out/>
</testsuite> <!-- testOptions.TestRunner2 -->
