<?xml version="1.0" encoding="UTF-8"?>
<!-- Generated by org.testng.reporters.JUnitReportReporter -->
<testsuite hostname="inlen8520026389" failures="0" tests="2" name="testOptions.TestRunner3" time="19.931" errors="0" timestamp="2022-04-11T14:14:03 IST" skipped="0">
  <testcase classname="testOptions.TestRunner3" name="runScenario" time="9.524"/>
  <system-out/>
  <testcase classname="testOptions.TestRunner3" name="runScenario" time="10.407"/>
  <system-out/>
</testsuite> <!-- testOptions.TestRunner3 -->
