<?xml version="1.0" encoding="UTF-8"?>
<!-- Generated by org.testng.reporters.JUnitReportReporter -->
<testsuite hostname="inlen8520026389" failures="0" tests="7" name="testOptions.TestRunner" time="60.993" errors="0" timestamp="2022-04-11T14:14:03 IST" skipped="0">
  <testcase classname="testOptions.TestRunner" name="runScenario" time="5.844"/>
  <system-out/>
  <testcase classname="testOptions.TestRunner" name="runScenario" time="8.149"/>
  <system-out/>
  <testcase classname="testOptions.TestRunner" name="runScenario" time="13.112"/>
  <system-out/>
  <testcase classname="testOptions.TestRunner" name="runScenario" time="6.622"/>
  <system-out/>
  <testcase classname="testOptions.TestRunner" name="runScenario" time="7.342"/>
  <system-out/>
  <testcase classname="testOptions.TestRunner" name="runScenario" time="7.763"/>
  <system-out/>
  <testcase classname="testOptions.TestRunner" name="runScenario" time="12.161"/>
  <system-out/>
</testsuite> <!-- testOptions.TestRunner -->
